Determining if the pthread_create exist failed with the following output:
Change Dir: /home/workspace/UKF/build/CMakeFiles/CMakeTmp

Run Build Command:"/usr/bin/make" "cmTC_dee0e/fast"
/usr/bin/make -f CMakeFiles/cmTC_dee0e.dir/build.make CMakeFiles/cmTC_dee0e.dir/build
make[1]: Entering directory '/home/workspace/UKF/build/CMakeFiles/CMakeTmp'
Building C object CMakeFiles/cmTC_dee0e.dir/CheckSymbolExists.c.o
/usr/bin/cc    -o CMakeFiles/cmTC_dee0e.dir/CheckSymbolExists.c.o   -c /home/workspace/UKF/build/CMakeFiles/CMakeTmp/CheckSymbolExists.c
Linking C executable cmTC_dee0e
/usr/local/bin/cmake -E cmake_link_script CMakeFiles/cmTC_dee0e.dir/link.txt --verbose=1
/usr/bin/cc      -rdynamic CMakeFiles/cmTC_dee0e.dir/CheckSymbolExists.c.o  -o cmTC_dee0e 
CMakeFiles/cmTC_dee0e.dir/CheckSymbolExists.c.o: In function `main':
CheckSymbolExists.c:(.text+0x16): undefined reference to `pthread_create'
collect2: error: ld returned 1 exit status
CMakeFiles/cmTC_dee0e.dir/build.make:86: recipe for target 'cmTC_dee0e' failed
make[1]: *** [cmTC_dee0e] Error 1
make[1]: Leaving directory '/home/workspace/UKF/build/CMakeFiles/CMakeTmp'
Makefile:121: recipe for target 'cmTC_dee0e/fast' failed
make: *** [cmTC_dee0e/fast] Error 2

File /home/workspace/UKF/build/CMakeFiles/CMakeTmp/CheckSymbolExists.c:
/* */
#include <pthread.h>

int main(int argc, char** argv)
{
  (void)argv;
#ifndef pthread_create
  return ((int*)(&pthread_create))[argc];
#else
  (void)argc;
  return 0;
#endif
}

Determining if the function pthread_create exists in the pthreads failed with the following output:
Change Dir: /home/workspace/UKF/build/CMakeFiles/CMakeTmp

Run Build Command:"/usr/bin/make" "cmTC_e5294/fast"
/usr/bin/make -f CMakeFiles/cmTC_e5294.dir/build.make CMakeFiles/cmTC_e5294.dir/build
make[1]: Entering directory '/home/workspace/UKF/build/CMakeFiles/CMakeTmp'
Building C object CMakeFiles/cmTC_e5294.dir/CheckFunctionExists.c.o
/usr/bin/cc   -DCHECK_FUNCTION_EXISTS=pthread_create   -o CMakeFiles/cmTC_e5294.dir/CheckFunctionExists.c.o   -c /usr/local/share/cmake-3.13/Modules/CheckFunctionExists.c
Linking C executable cmTC_e5294
/usr/local/bin/cmake -E cmake_link_script CMakeFiles/cmTC_e5294.dir/link.txt --verbose=1
/usr/bin/cc  -DCHECK_FUNCTION_EXISTS=pthread_create    -rdynamic CMakeFiles/cmTC_e5294.dir/CheckFunctionExists.c.o  -o cmTC_e5294 -lpthreads 
/usr/bin/ld: cannot find -lpthreads
collect2: error: ld returned 1 exit status
CMakeFiles/cmTC_e5294.dir/build.make:86: recipe for target 'cmTC_e5294' failed
make[1]: *** [cmTC_e5294] Error 1
make[1]: Leaving directory '/home/workspace/UKF/build/CMakeFiles/CMakeTmp'
Makefile:121: recipe for target 'cmTC_e5294/fast' failed
make: *** [cmTC_e5294/fast] Error 2


